Determining if the include file sys/types.h exists failed with the following output:
Change Dir: /home/co2notear/Code/store/CMakeFiles/CMakeTmp

Run Build Command(s):/usr/bin/make cmTC_e6a31/fast && /usr/bin/make -f CMakeFiles/cmTC_e6a31.dir/build.make CMakeFiles/cmTC_e6a31.dir/build
make[1]: Entering directory '/home/co2notear/Code/store/CMakeFiles/CMakeTmp'
Building C object CMakeFiles/cmTC_e6a31.dir/CheckIncludeFile.c.o
/usr/bin/cc   -Wall -Werror -Wno-attributes -include store/config.h    -o CMakeFiles/cmTC_e6a31.dir/CheckIncludeFile.c.o   -c /home/co2notear/Code/store/CMakeFiles/CMakeTmp/CheckIncludeFile.c
cc1: fatal error: store/config.h: No such file or directory
compilation terminated.
make[1]: *** [CMakeFiles/cmTC_e6a31.dir/build.make:66: CMakeFiles/cmTC_e6a31.dir/CheckIncludeFile.c.o] Error 1
make[1]: Leaving directory '/home/co2notear/Code/store/CMakeFiles/CMakeTmp'
make: *** [Makefile:121: cmTC_e6a31/fast] Error 2



Determining if the include file stdint.h exists failed with the following output:
Change Dir: /home/co2notear/Code/store/CMakeFiles/CMakeTmp

Run Build Command(s):/usr/bin/make cmTC_25091/fast && /usr/bin/make -f CMakeFiles/cmTC_25091.dir/build.make CMakeFiles/cmTC_25091.dir/build
make[1]: Entering directory '/home/co2notear/Code/store/CMakeFiles/CMakeTmp'
Building C object CMakeFiles/cmTC_25091.dir/CheckIncludeFile.c.o
/usr/bin/cc   -Wall -Werror -Wno-attributes -include store/config.h    -o CMakeFiles/cmTC_25091.dir/CheckIncludeFile.c.o   -c /home/co2notear/Code/store/CMakeFiles/CMakeTmp/CheckIncludeFile.c
cc1: fatal error: store/config.h: No such file or directory
compilation terminated.
make[1]: *** [CMakeFiles/cmTC_25091.dir/build.make:66: CMakeFiles/cmTC_25091.dir/CheckIncludeFile.c.o] Error 1
make[1]: Leaving directory '/home/co2notear/Code/store/CMakeFiles/CMakeTmp'
make: *** [Makefile:121: cmTC_25091/fast] Error 2



Determining if the include file stddef.h exists failed with the following output:
Change Dir: /home/co2notear/Code/store/CMakeFiles/CMakeTmp

Run Build Command(s):/usr/bin/make cmTC_58584/fast && /usr/bin/make -f CMakeFiles/cmTC_58584.dir/build.make CMakeFiles/cmTC_58584.dir/build
make[1]: Entering directory '/home/co2notear/Code/store/CMakeFiles/CMakeTmp'
Building C object CMakeFiles/cmTC_58584.dir/CheckIncludeFile.c.o
/usr/bin/cc   -Wall -Werror -Wno-attributes -include store/config.h    -o CMakeFiles/cmTC_58584.dir/CheckIncludeFile.c.o   -c /home/co2notear/Code/store/CMakeFiles/CMakeTmp/CheckIncludeFile.c
cc1: fatal error: store/config.h: No such file or directory
compilation terminated.
make[1]: *** [CMakeFiles/cmTC_58584.dir/build.make:66: CMakeFiles/cmTC_58584.dir/CheckIncludeFile.c.o] Error 1
make[1]: Leaving directory '/home/co2notear/Code/store/CMakeFiles/CMakeTmp'
make: *** [Makefile:121: cmTC_58584/fast] Error 2



Determining size of long failed with the following output:
Change Dir: /home/co2notear/Code/store/CMakeFiles/CMakeTmp

Run Build Command(s):/usr/bin/make cmTC_104d4/fast && /usr/bin/make -f CMakeFiles/cmTC_104d4.dir/build.make CMakeFiles/cmTC_104d4.dir/build
make[1]: Entering directory '/home/co2notear/Code/store/CMakeFiles/CMakeTmp'
Building C object CMakeFiles/cmTC_104d4.dir/SIZEOF_LONG.c.o
/usr/bin/cc   -Wall -Werror -Wno-attributes -include store/config.h    -o CMakeFiles/cmTC_104d4.dir/SIZEOF_LONG.c.o   -c /home/co2notear/Code/store/CMakeFiles/CheckTypeSize/SIZEOF_LONG.c
cc1: fatal error: store/config.h: No such file or directory
compilation terminated.
make[1]: *** [CMakeFiles/cmTC_104d4.dir/build.make:66: CMakeFiles/cmTC_104d4.dir/SIZEOF_LONG.c.o] Error 1
make[1]: Leaving directory '/home/co2notear/Code/store/CMakeFiles/CMakeTmp'
make: *** [Makefile:121: cmTC_104d4/fast] Error 2


/home/co2notear/Code/store/CMakeFiles/CheckTypeSize/SIZEOF_LONG.c:


#undef KEY
#if defined(__i386)
# define KEY '_','_','i','3','8','6'
#elif defined(__x86_64)
# define KEY '_','_','x','8','6','_','6','4'
#elif defined(__ppc__)
# define KEY '_','_','p','p','c','_','_'
#elif defined(__ppc64__)
# define KEY '_','_','p','p','c','6','4','_','_'
#elif defined(__aarch64__)
# define KEY '_','_','a','a','r','c','h','6','4','_','_'
#elif defined(__ARM_ARCH_7A__)
# define KEY '_','_','A','R','M','_','A','R','C','H','_','7','A','_','_'
#elif defined(__ARM_ARCH_7S__)
# define KEY '_','_','A','R','M','_','A','R','C','H','_','7','S','_','_'
#endif

#define SIZE (sizeof(long))
static char info_size[] =  {'I', 'N', 'F', 'O', ':', 's','i','z','e','[',
  ('0' + ((SIZE / 10000)%10)),
  ('0' + ((SIZE / 1000)%10)),
  ('0' + ((SIZE / 100)%10)),
  ('0' + ((SIZE / 10)%10)),
  ('0' +  (SIZE    % 10)),
  ']',
#ifdef KEY
  ' ','k','e','y','[', KEY, ']',
#endif
  '\0'};

#ifdef __CLASSIC_C__
int main(argc, argv) int argc; char *argv[];
#else
int main(int argc, char *argv[])
#endif
{
  int require = 0;
  require += info_size[argc];
  (void)argv;
  return require;
}


Determining size of wchar_t failed with the following output:
Change Dir: /home/co2notear/Code/store/CMakeFiles/CMakeTmp

Run Build Command(s):/usr/bin/make cmTC_6a1f5/fast && /usr/bin/make -f CMakeFiles/cmTC_6a1f5.dir/build.make CMakeFiles/cmTC_6a1f5.dir/build
make[1]: Entering directory '/home/co2notear/Code/store/CMakeFiles/CMakeTmp'
Building C object CMakeFiles/cmTC_6a1f5.dir/SIZEOF_WCHAR_T.c.o
/usr/bin/cc   -Wall -Werror -Wno-attributes -include store/config.h    -o CMakeFiles/cmTC_6a1f5.dir/SIZEOF_WCHAR_T.c.o   -c /home/co2notear/Code/store/CMakeFiles/CheckTypeSize/SIZEOF_WCHAR_T.c
cc1: fatal error: store/config.h: No such file or directory
compilation terminated.
make[1]: *** [CMakeFiles/cmTC_6a1f5.dir/build.make:66: CMakeFiles/cmTC_6a1f5.dir/SIZEOF_WCHAR_T.c.o] Error 1
make[1]: Leaving directory '/home/co2notear/Code/store/CMakeFiles/CMakeTmp'
make: *** [Makefile:121: cmTC_6a1f5/fast] Error 2


/home/co2notear/Code/store/CMakeFiles/CheckTypeSize/SIZEOF_WCHAR_T.c:


#undef KEY
#if defined(__i386)
# define KEY '_','_','i','3','8','6'
#elif defined(__x86_64)
# define KEY '_','_','x','8','6','_','6','4'
#elif defined(__ppc__)
# define KEY '_','_','p','p','c','_','_'
#elif defined(__ppc64__)
# define KEY '_','_','p','p','c','6','4','_','_'
#elif defined(__aarch64__)
# define KEY '_','_','a','a','r','c','h','6','4','_','_'
#elif defined(__ARM_ARCH_7A__)
# define KEY '_','_','A','R','M','_','A','R','C','H','_','7','A','_','_'
#elif defined(__ARM_ARCH_7S__)
# define KEY '_','_','A','R','M','_','A','R','C','H','_','7','S','_','_'
#endif

#define SIZE (sizeof(wchar_t))
static char info_size[] =  {'I', 'N', 'F', 'O', ':', 's','i','z','e','[',
  ('0' + ((SIZE / 10000)%10)),
  ('0' + ((SIZE / 1000)%10)),
  ('0' + ((SIZE / 100)%10)),
  ('0' + ((SIZE / 10)%10)),
  ('0' +  (SIZE    % 10)),
  ']',
#ifdef KEY
  ' ','k','e','y','[', KEY, ']',
#endif
  '\0'};

#ifdef __CLASSIC_C__
int main(argc, argv) int argc; char *argv[];
#else
int main(int argc, char *argv[])
#endif
{
  int require = 0;
  require += info_size[argc];
  (void)argv;
  return require;
}


